2018-04-09T13:33:27.409Z - normal: Load ~/.CocosCreator/settings.json
2018-04-09T13:33:27.412Z - normal: checking language setting...
2018-04-09T13:33:27.412Z - normal: Language: zh
2018-04-09T13:33:28.323Z - success: protocol editor-framework registered
2018-04-09T13:33:28.323Z - success: protocol app registered
2018-04-09T13:33:28.324Z - success: protocol theme registered
2018-04-09T13:33:28.324Z - success: protocol packages registered
2018-04-09T13:33:28.324Z - success: protocol unpack registerred
2018-04-09T13:33:28.324Z - success: protocol disable-commonjs registerred
2018-04-09T13:33:28.654Z - normal: connected!
2018-04-09T13:33:28.655Z - normal: Check project /Users/peyton/Desktop/Coding/github/smallGame
2018-04-09T13:33:28.666Z - normal: Initializing Cocos2d
2018-04-09T13:33:28.989Z - normal: Initializing Asset Database
2018-04-09T13:33:29.027Z - success: protocol uuid registerred
2018-04-09T13:33:29.027Z - success: protocol db registerred
2018-04-09T13:33:29.027Z - success: protocol thumbnail registerred
2018-04-09T13:33:29.028Z - normal: Loading editor/builtin packages
2018-04-09T13:33:29.081Z - success: anysdk loaded
2018-04-09T13:33:29.202Z - success: assets loaded
2018-04-09T13:33:29.205Z - success: builder loaded
2018-04-09T13:33:29.207Z - success: cocos-analytics loaded
2018-04-09T13:33:29.215Z - success: console loaded
2018-04-09T13:33:29.224Z - success: hierarchy loaded
2018-04-09T13:33:29.233Z - success: inspector loaded
2018-04-09T13:33:29.235Z - success: keystore loaded
2018-04-09T13:33:29.239Z - success: node-library loaded
2018-04-09T13:33:29.240Z - success: package-asset loaded
2018-04-09T13:33:29.242Z - success: preferences loaded
2018-04-09T13:33:29.246Z - success: project-exporter loaded
2018-04-09T13:33:29.266Z - success: project-importer loaded
2018-04-09T13:33:29.270Z - success: project-settings loaded
2018-04-09T13:33:29.274Z - success: ui-kit loaded
2018-04-09T13:33:29.279Z - success: ui-grid loaded
2018-04-09T13:33:29.283Z - success: scene loaded
2018-04-09T13:33:29.284Z - success: sprite-editor loaded
2018-04-09T13:33:29.288Z - success: store loaded
2018-04-09T13:33:29.301Z - success: timeline loaded
2018-04-09T13:33:29.301Z - normal: Loading builtin packages
2018-04-09T13:33:29.305Z - success: asset-db-debugger loaded
2018-04-09T13:33:29.306Z - success: color-picker loaded
2018-04-09T13:33:29.310Z - success: package-manager loaded
2018-04-09T13:33:29.393Z - success: sdkbox loaded
2018-04-09T13:33:29.400Z - success: tester loaded
2018-04-09T13:33:29.405Z - success: ui-kit-preview-extra loaded
2018-04-09T13:33:29.408Z - success: ui-kit-preview loaded
2018-04-09T13:33:29.412Z - success: ui-tree loaded
2018-04-09T13:33:30.529Z - normal: Initializing project /Users/peyton/Desktop/Coding/github/smallGame
2018-04-09T13:33:30.532Z - normal: Loading packages
2018-04-09T13:33:30.538Z - normal: Watching packages
2018-04-09T13:33:30.554Z - normal: Run Application
2018-04-09T13:33:31.330Z - success: preview server running at http://localhost:7456
2018-04-09T13:33:35.526Z - normal: 1.8.1
